# JRE version: Java(TM) SE Runtime Environment (7.0_79-b15) (build 1.7.0_79-b15)
# Java VM: Java HotSpot(TM) 64-Bit Server VM (24.79-b02 mixed mode linux-amd64 compressed oops)
Heap
 PSYoungGen      total 466432K, used 21464K [0x00000007d5500000, 0x0000000800000000, 0x0000000800000000)
  eden space 233472K, 0% used [0x00000007d5500000,0x00000007d5500000,0x00000007e3900000)
  from space 232960K, 9% used [0x00000007e3900000,0x00000007e4df62a0,0x00000007f1c80000)
  to   space 232960K, 0% used [0x00000007f1c80000,0x00000007f1c80000,0x0000000800000000)
 ParOldGen       total 1017856K, used 1017770K [0x0000000780000000, 0x00000007be200000, 0x00000007d5500000)
  object space 1017856K, 99% used [0x0000000780000000,0x00000007be1ea870,0x00000007be200000)
 PSPermGen       total 21504K, used 5876K [0x000000077ae00000, 0x000000077c300000, 0x0000000780000000)
  object space 21504K, 27% used [0x000000077ae00000,0x000000077b3bd2c8,0x000000077c300000)
GC Heap History (10 events):
Event: 43.698 GC heap after
Heap after GC invocations=28 (full 5):
 PSYoungGen      total 507392K, used 189479K [0x00000007d5500000, 0x0000000800000000, 0x0000000800000000)
  eden space 317440K, 0% used [0x00000007d5500000,0x00000007d5500000,0x00000007e8b00000)
  from space 189952K, 99% used [0x00000007e8b00000,0x00000007f4409cb0,0x00000007f4480000)
  to   space 192000K, 0% used [0x00000007f4480000,0x00000007f4480000,0x0000000800000000)
 ParOldGen       total 1017856K, used 702489K [0x0000000780000000, 0x00000007be200000, 0x00000007d5500000)
  object space 1017856K, 69% used [0x0000000780000000,0x00000007aae066c0,0x00000007be200000)
 PSPermGen       total 21504K, used 5875K [0x000000077ae00000, 0x000000077c300000, 0x0000000780000000)
  object space 21504K, 27% used [0x000000077ae00000,0x000000077b3bcd18,0x000000077c300000)
}
Event: 44.295 GC heap before
{Heap before GC invocations=29 (full 5):
 PSYoungGen      total 507392K, used 506919K [0x00000007d5500000, 0x0000000800000000, 0x0000000800000000)
  eden space 317440K, 100% used [0x00000007d5500000,0x00000007e8b00000,0x00000007e8b00000)
  from space 189952K, 99% used [0x00000007e8b00000,0x00000007f4409cb0,0x00000007f4480000)
  to   space 192000K, 0% used [0x00000007f4480000,0x00000007f4480000,0x0000000800000000)
 ParOldGen       total 1017856K, used 702489K [0x0000000780000000, 0x00000007be200000, 0x00000007d5500000)
  object space 1017856K, 69% used [0x0000000780000000,0x00000007aae066c0,0x00000007be200000)
 PSPermGen       total 21504K, used 5876K [0x000000077ae00000, 0x000000077c300000, 0x0000000780000000)
  object space 21504K, 27% used [0x000000077ae00000,0x000000077b3bd168,0x000000077c300000)
Event: 44.441 GC heap after
Heap after GC invocations=29 (full 5):
 PSYoungGen      total 425472K, used 191973K [0x00000007d5500000, 0x0000000800000000, 0x0000000800000000)
  eden space 233472K, 0% used [0x00000007d5500000,0x00000007d5500000,0x00000007e3900000)
  from space 192000K, 99% used [0x00000007f4480000,0x00000007ffff9500,0x0000000800000000)
  to   space 232960K, 0% used [0x00000007e3900000,0x00000007e3900000,0x00000007f1c80000)
 ParOldGen       total 1017856K, used 749488K [0x0000000780000000, 0x00000007be200000, 0x00000007d5500000)
  object space 1017856K, 73% used [0x0000000780000000,0x00000007adbec358,0x00000007be200000)
 PSPermGen       total 21504K, used 5876K [0x000000077ae00000, 0x000000077c300000, 0x0000000780000000)
  object space 21504K, 27% used [0x000000077ae00000,0x000000077b3bd168,0x000000077c300000)
}
Event: 44.838 GC heap before
{Heap before GC invocations=30 (full 5):
 PSYoungGen      total 425472K, used 425445K [0x00000007d5500000, 0x0000000800000000, 0x0000000800000000)
  eden space 233472K, 100% used [0x00000007d5500000,0x00000007e3900000,0x00000007e3900000)
  from space 192000K, 99% used [0x00000007f4480000,0x00000007ffff9500,0x0000000800000000)
  to   space 232960K, 0% used [0x00000007e3900000,0x00000007e3900000,0x00000007f1c80000)
 ParOldGen       total 1017856K, used 749488K [0x0000000780000000, 0x00000007be200000, 0x00000007d5500000)
  object space 1017856K, 73% used [0x0000000780000000,0x00000007adbec358,0x00000007be200000)
 PSPermGen       total 21504K, used 5876K [0x000000077ae00000, 0x000000077c300000, 0x0000000780000000)
  object space 21504K, 27% used [0x000000077ae00000,0x000000077b3bd168,0x000000077c300000)
Event: 44.945 GC heap after
Heap after GC invocations=30 (full 5):
 PSYoungGen      total 466432K, used 228429K [0x00000007d5500000, 0x0000000800000000, 0x0000000800000000)
  eden space 233472K, 0% used [0x00000007d5500000,0x00000007d5500000,0x00000007e3900000)
  from space 232960K, 98% used [0x00000007e3900000,0x00000007f1813610,0x00000007f1c80000)
  to   space 232960K, 0% used [0x00000007f1c80000,0x00000007f1c80000,0x0000000800000000)
 ParOldGen       total 1017856K, used 749488K [0x0000000780000000, 0x00000007be200000, 0x00000007d5500000)
  object space 1017856K, 73% used [0x0000000780000000,0x00000007adbec358,0x00000007be200000)
 PSPermGen       total 21504K, used 5876K [0x000000077ae00000, 0x000000077c300000, 0x0000000780000000)
  object space 21504K, 27% used [0x000000077ae00000,0x000000077b3bd168,0x000000077c300000)
}
Event: 45.341 GC heap before
{Heap before GC invocations=31 (full 5):
 PSYoungGen      total 466432K, used 461901K [0x00000007d5500000, 0x0000000800000000, 0x0000000800000000)
  eden space 233472K, 100% used [0x00000007d5500000,0x00000007e3900000,0x00000007e3900000)
  from space 232960K, 98% used [0x00000007e3900000,0x00000007f1813610,0x00000007f1c80000)
  to   space 232960K, 0% used [0x00000007f1c80000,0x00000007f1c80000,0x0000000800000000)
 ParOldGen       total 1017856K, used 749488K [0x0000000780000000, 0x00000007be200000, 0x00000007d5500000)
  object space 1017856K, 73% used [0x0000000780000000,0x00000007adbec358,0x00000007be200000)
 PSPermGen       total 21504K, used 5876K [0x000000077ae00000, 0x000000077c300000, 0x0000000780000000)
  object space 21504K, 27% used [0x000000077ae00000,0x000000077b3bd328,0x000000077c300000)
Event: 45.494 GC heap after
Heap after GC invocations=31 (full 5):
 PSYoungGen      total 466432K, used 177350K [0x00000007d5500000, 0x0000000800000000, 0x0000000800000000)
  eden space 233472K, 0% used [0x00000007d5500000,0x00000007d5500000,0x00000007e3900000)
  from space 232960K, 76% used [0x00000007f1c80000,0x00000007fc9b1a98,0x0000000800000000)
  to   space 232960K, 0% used [0x00000007e3900000,0x00000007e3900000,0x00000007f1c80000)
 ParOldGen       total 1017856K, used 835291K [0x0000000780000000, 0x00000007be200000, 0x00000007d5500000)
  object space 1017856K, 82% used [0x0000000780000000,0x00000007b2fb6fc0,0x00000007be200000)
 PSPermGen       total 21504K, used 5876K [0x000000077ae00000, 0x000000077c300000, 0x0000000780000000)
  object space 21504K, 27% used [0x000000077ae00000,0x000000077b3bd328,0x000000077c300000)
}
Event: 45.899 GC heap before
{Heap before GC invocations=32 (full 5):
 PSYoungGen      total 466432K, used 410822K [0x00000007d5500000, 0x0000000800000000, 0x0000000800000000)
  eden space 233472K, 100% used [0x00000007d5500000,0x00000007e3900000,0x00000007e3900000)
  from space 232960K, 76% used [0x00000007f1c80000,0x00000007fc9b1a98,0x0000000800000000)
  to   space 232960K, 0% used [0x00000007e3900000,0x00000007e3900000,0x00000007f1c80000)
 ParOldGen       total 1017856K, used 835291K [0x0000000780000000, 0x00000007be200000, 0x00000007d5500000)
  object space 1017856K, 82% used [0x0000000780000000,0x00000007b2fb6fc0,0x00000007be200000)
 PSPermGen       total 21504K, used 5876K [0x000000077ae00000, 0x000000077c300000, 0x0000000780000000)
  object space 21504K, 27% used [0x000000077ae00000,0x000000077b3bd328,0x000000077c300000)
Event: 46.037 GC heap after
Heap after GC invocations=32 (full 5):
 PSYoungGen      total 466432K, used 127787K [0x00000007d5500000, 0x0000000800000000, 0x0000000800000000)
  eden space 233472K, 0% used [0x00000007d5500000,0x00000007d5500000,0x00000007e3900000)
  from space 232960K, 54% used [0x00000007e3900000,0x00000007eb5cac58,0x00000007f1c80000)
  to   space 232960K, 0% used [0x00000007f1c80000,0x00000007f1c80000,0x0000000800000000)
 ParOldGen       total 1017856K, used 920547K [0x0000000780000000, 0x00000007be200000, 0x00000007d5500000)
  object space 1017856K, 90% used [0x0000000780000000,0x00000007b82f8d58,0x00000007be200000)
 PSPermGen       total 21504K, used 5876K [0x000000077ae00000, 0x000000077c300000, 0x0000000780000000)
  object space 21504K, 27% used [0x000000077ae00000,0x000000077b3bd328,0x000000077c300000)
}
Event: 46.037 GC heap before
{Heap before GC invocations=33 (full 6):
 PSYoungGen      total 466432K, used 127787K [0x00000007d5500000, 0x0000000800000000, 0x0000000800000000)
  eden space 233472K, 0% used [0x00000007d5500000,0x00000007d5500000,0x00000007e3900000)
  from space 232960K, 54% used [0x00000007e3900000,0x00000007eb5cac58,0x00000007f1c80000)
  to   space 232960K, 0% used [0x00000007f1c80000,0x00000007f1c80000,0x0000000800000000)
 ParOldGen       total 1017856K, used 920547K [0x0000000780000000, 0x00000007be200000, 0x00000007d5500000)
  object space 1017856K, 90% used [0x0000000780000000,0x00000007b82f8d58,0x00000007be200000)
 PSPermGen       total 21504K, used 5876K [0x000000077ae00000, 0x000000077c300000, 0x0000000780000000)
  object space 21504K, 27% used [0x000000077ae00000,0x000000077b3bd328,0x000000077c300000)

