# JRE version: Java(TM) SE Runtime Environment (7.0_79-b15) (build 1.7.0_79-b15)
# Java VM: Java HotSpot(TM) 64-Bit Server VM (24.79-b02 mixed mode linux-amd64 compressed oops)
Heap
 PSYoungGen      total 466432K, used 17328K [0x00000007d5500000, 0x0000000800000000, 0x0000000800000000)
  eden space 233472K, 0% used [0x00000007d5500000,0x00000007d5500000,0x00000007e3900000)
  from space 232960K, 7% used [0x00000007e3900000,0x00000007e49ec120,0x00000007f1c80000)
  to   space 232960K, 0% used [0x00000007f1c80000,0x00000007f1c80000,0x0000000800000000)
 ParOldGen       total 1019904K, used 1019597K [0x0000000780000000, 0x00000007be400000, 0x00000007d5500000)
  object space 1019904K, 99% used [0x0000000780000000,0x00000007be3b3558,0x00000007be400000)
 PSPermGen       total 21504K, used 5878K [0x000000077ae00000, 0x000000077c300000, 0x0000000780000000)
  object space 21504K, 27% used [0x000000077ae00000,0x000000077b3bdb48,0x000000077c300000)
GC Heap History (10 events):
Event: 45.327 GC heap after
Heap after GC invocations=28 (full 5):
 PSYoungGen      total 503296K, used 187581K [0x00000007d5500000, 0x0000000800000000, 0x0000000800000000)
  eden space 315392K, 0% used [0x00000007d5500000,0x00000007d5500000,0x00000007e8900000)
  from space 187904K, 99% used [0x00000007e8900000,0x00000007f402f4f8,0x00000007f4080000)
  to   space 196096K, 0% used [0x00000007f4080000,0x00000007f4080000,0x0000000800000000)
 ParOldGen       total 1019904K, used 701961K [0x0000000780000000, 0x00000007be400000, 0x00000007d5500000)
  object space 1019904K, 68% used [0x0000000780000000,0x00000007aad826b0,0x00000007be400000)
 PSPermGen       total 21504K, used 5878K [0x000000077ae00000, 0x000000077c300000, 0x0000000780000000)
  object space 21504K, 27% used [0x000000077ae00000,0x000000077b3bd938,0x000000077c300000)
}
Event: 45.997 GC heap before
{Heap before GC invocations=29 (full 5):
 PSYoungGen      total 503296K, used 502973K [0x00000007d5500000, 0x0000000800000000, 0x0000000800000000)
  eden space 315392K, 100% used [0x00000007d5500000,0x00000007e8900000,0x00000007e8900000)
  from space 187904K, 99% used [0x00000007e8900000,0x00000007f402f4f8,0x00000007f4080000)
  to   space 196096K, 0% used [0x00000007f4080000,0x00000007f4080000,0x0000000800000000)
 ParOldGen       total 1019904K, used 701961K [0x0000000780000000, 0x00000007be400000, 0x00000007d5500000)
  object space 1019904K, 68% used [0x0000000780000000,0x00000007aad826b0,0x00000007be400000)
 PSPermGen       total 21504K, used 5878K [0x000000077ae00000, 0x000000077c300000, 0x0000000780000000)
  object space 21504K, 27% used [0x000000077ae00000,0x000000077b3bda68,0x000000077c300000)
Event: 46.161 GC heap after
Heap after GC invocations=29 (full 5):
 PSYoungGen      total 429568K, used 196089K [0x00000007d5500000, 0x0000000800000000, 0x0000000800000000)
  eden space 233472K, 0% used [0x00000007d5500000,0x00000007d5500000,0x00000007e3900000)
  from space 196096K, 99% used [0x00000007f4080000,0x00000007ffffe7a8,0x0000000800000000)
  to   space 232960K, 0% used [0x00000007e3900000,0x00000007e3900000,0x00000007f1c80000)
 ParOldGen       total 1019904K, used 742643K [0x0000000780000000, 0x00000007be400000, 0x00000007d5500000)
  object space 1019904K, 72% used [0x0000000780000000,0x00000007ad53cdc0,0x00000007be400000)
 PSPermGen       total 21504K, used 5878K [0x000000077ae00000, 0x000000077c300000, 0x0000000780000000)
  object space 21504K, 27% used [0x000000077ae00000,0x000000077b3bda68,0x000000077c300000)
}
Event: 46.605 GC heap before
{Heap before GC invocations=30 (full 5):
 PSYoungGen      total 429568K, used 429561K [0x00000007d5500000, 0x0000000800000000, 0x0000000800000000)
  eden space 233472K, 100% used [0x00000007d5500000,0x00000007e3900000,0x00000007e3900000)
  from space 196096K, 99% used [0x00000007f4080000,0x00000007ffffe7a8,0x0000000800000000)
  to   space 232960K, 0% used [0x00000007e3900000,0x00000007e3900000,0x00000007f1c80000)
 ParOldGen       total 1019904K, used 742643K [0x0000000780000000, 0x00000007be400000, 0x00000007d5500000)
  object space 1019904K, 72% used [0x0000000780000000,0x00000007ad53cdc0,0x00000007be400000)
 PSPermGen       total 21504K, used 5878K [0x000000077ae00000, 0x000000077c300000, 0x0000000780000000)
  object space 21504K, 27% used [0x000000077ae00000,0x000000077b3bda68,0x000000077c300000)
Event: 46.718 GC heap after
Heap after GC invocations=30 (full 5):
 PSYoungGen      total 466432K, used 232649K [0x00000007d5500000, 0x0000000800000000, 0x0000000800000000)
  eden space 233472K, 0% used [0x00000007d5500000,0x00000007d5500000,0x00000007e3900000)
  from space 232960K, 99% used [0x00000007e3900000,0x00000007f1c326d0,0x00000007f1c80000)
  to   space 232960K, 0% used [0x00000007f1c80000,0x00000007f1c80000,0x0000000800000000)
 ParOldGen       total 1019904K, used 742643K [0x0000000780000000, 0x00000007be400000, 0x00000007d5500000)
  object space 1019904K, 72% used [0x0000000780000000,0x00000007ad53cdc0,0x00000007be400000)
 PSPermGen       total 21504K, used 5878K [0x000000077ae00000, 0x000000077c300000, 0x0000000780000000)
  object space 21504K, 27% used [0x000000077ae00000,0x000000077b3bda68,0x000000077c300000)
}
Event: 47.138 GC heap before
{Heap before GC invocations=31 (full 5):
 PSYoungGen      total 466432K, used 466121K [0x00000007d5500000, 0x0000000800000000, 0x0000000800000000)
  eden space 233472K, 100% used [0x00000007d5500000,0x00000007e3900000,0x00000007e3900000)
  from space 232960K, 99% used [0x00000007e3900000,0x00000007f1c326d0,0x00000007f1c80000)
  to   space 232960K, 0% used [0x00000007f1c80000,0x00000007f1c80000,0x0000000800000000)
 ParOldGen       total 1019904K, used 742643K [0x0000000780000000, 0x00000007be400000, 0x00000007d5500000)
  object space 1019904K, 72% used [0x0000000780000000,0x00000007ad53cdc0,0x00000007be400000)
 PSPermGen       total 21504K, used 5879K [0x000000077ae00000, 0x000000077c300000, 0x0000000780000000)
  object space 21504K, 27% used [0x000000077ae00000,0x000000077b3bdc68,0x000000077c300000)
Event: 47.302 GC heap after
Heap after GC invocations=31 (full 5):
 PSYoungGen      total 466432K, used 174698K [0x00000007d5500000, 0x0000000800000000, 0x0000000800000000)
  eden space 233472K, 0% used [0x00000007d5500000,0x00000007d5500000,0x00000007e3900000)
  from space 232960K, 74% used [0x00000007f1c80000,0x00000007fc71a818,0x0000000800000000)
  to   space 232960K, 0% used [0x00000007e3900000,0x00000007e3900000,0x00000007f1c80000)
 ParOldGen       total 1019904K, used 835127K [0x0000000780000000, 0x00000007be400000, 0x00000007d5500000)
  object space 1019904K, 81% used [0x0000000780000000,0x00000007b2f8dc00,0x00000007be400000)
 PSPermGen       total 21504K, used 5879K [0x000000077ae00000, 0x000000077c300000, 0x0000000780000000)
  object space 21504K, 27% used [0x000000077ae00000,0x000000077b3bdc68,0x000000077c300000)
}
Event: 47.704 GC heap before
{Heap before GC invocations=32 (full 5):
 PSYoungGen      total 466432K, used 408170K [0x00000007d5500000, 0x0000000800000000, 0x0000000800000000)
  eden space 233472K, 100% used [0x00000007d5500000,0x00000007e3900000,0x00000007e3900000)
  from space 232960K, 74% used [0x00000007f1c80000,0x00000007fc71a818,0x0000000800000000)
  to   space 232960K, 0% used [0x00000007e3900000,0x00000007e3900000,0x00000007f1c80000)
 ParOldGen       total 1019904K, used 835127K [0x0000000780000000, 0x00000007be400000, 0x00000007d5500000)
  object space 1019904K, 81% used [0x0000000780000000,0x00000007b2f8dc00,0x00000007be400000)
 PSPermGen       total 21504K, used 5879K [0x000000077ae00000, 0x000000077c300000, 0x0000000780000000)
  object space 21504K, 27% used [0x000000077ae00000,0x000000077b3bdc68,0x000000077c300000)
Event: 47.832 GC heap after
Heap after GC invocations=32 (full 5):
 PSYoungGen      total 466432K, used 129843K [0x00000007d5500000, 0x0000000800000000, 0x0000000800000000)
  eden space 233472K, 0% used [0x00000007d5500000,0x00000007d5500000,0x00000007e3900000)
  from space 232960K, 55% used [0x00000007e3900000,0x00000007eb7ccc28,0x00000007f1c80000)
  to   space 232960K, 0% used [0x00000007f1c80000,0x00000007f1c80000,0x0000000800000000)
 ParOldGen       total 1019904K, used 916102K [0x0000000780000000, 0x00000007be400000, 0x00000007d5500000)
  object space 1019904K, 89% used [0x0000000780000000,0x00000007b7ea1958,0x00000007be400000)
 PSPermGen       total 21504K, used 5879K [0x000000077ae00000, 0x000000077c300000, 0x0000000780000000)
  object space 21504K, 27% used [0x000000077ae00000,0x000000077b3bdc68,0x000000077c300000)
}
Event: 47.832 GC heap before
{Heap before GC invocations=33 (full 6):
 PSYoungGen      total 466432K, used 129843K [0x00000007d5500000, 0x0000000800000000, 0x0000000800000000)
  eden space 233472K, 0% used [0x00000007d5500000,0x00000007d5500000,0x00000007e3900000)
  from space 232960K, 55% used [0x00000007e3900000,0x00000007eb7ccc28,0x00000007f1c80000)
  to   space 232960K, 0% used [0x00000007f1c80000,0x00000007f1c80000,0x0000000800000000)
 ParOldGen       total 1019904K, used 916102K [0x0000000780000000, 0x00000007be400000, 0x00000007d5500000)
  object space 1019904K, 89% used [0x0000000780000000,0x00000007b7ea1958,0x00000007be400000)
 PSPermGen       total 21504K, used 5879K [0x000000077ae00000, 0x000000077c300000, 0x0000000780000000)
  object space 21504K, 27% used [0x000000077ae00000,0x000000077b3bdc68,0x000000077c300000)

